  GameManager.cpp
C:\Users\A-07\Desktop\Snake\CppGame\SnakeGame\SnakeGame\MapDraw.h(19,2): warning C4091: 'static ': 변수를 선언하지 않으면 'MapDraw' 왼쪽은 무시됩니다.
C:\Users\A-07\Desktop\Snake\CppGame\SnakeGame\SnakeGame\MapDraw.h(16,17): warning C4838: 'int'에서 'SHORT'(으)로의 변환에는 축소 변환이 필요합니다.
C:\Users\A-07\Desktop\Snake\CppGame\SnakeGame\SnakeGame\MapDraw.h(16,20): warning C4838: 'int'에서 'SHORT'(으)로의 변환에는 축소 변환이 필요합니다.
C:\Users\A-07\Desktop\Snake\CppGame\SnakeGame\SnakeGame\GameManager.cpp(17,64): warning C4244: '인수': 'double'에서 'int'(으)로 변환하면서 데이터가 손실될 수 있습니다.
C:\Users\A-07\Desktop\Snake\CppGame\SnakeGame\SnakeGame\GameManager.cpp(17,37): warning C4244: '인수': 'double'에서 'int'(으)로 변환하면서 데이터가 손실될 수 있습니다.
C:\Users\A-07\Desktop\Snake\CppGame\SnakeGame\SnakeGame\GameManager.cpp(19,64): warning C4244: '인수': 'double'에서 'int'(으)로 변환하면서 데이터가 손실될 수 있습니다.
C:\Users\A-07\Desktop\Snake\CppGame\SnakeGame\SnakeGame\GameManager.cpp(19,37): warning C4244: '인수': 'double'에서 'int'(으)로 변환하면서 데이터가 손실될 수 있습니다.
C:\Users\A-07\Desktop\Snake\CppGame\SnakeGame\SnakeGame\GameManager.cpp(21,64): warning C4244: '인수': 'double'에서 'int'(으)로 변환하면서 데이터가 손실될 수 있습니다.
C:\Users\A-07\Desktop\Snake\CppGame\SnakeGame\SnakeGame\GameManager.cpp(21,37): warning C4244: '인수': 'double'에서 'int'(으)로 변환하면서 데이터가 손실될 수 있습니다.
C:\Users\A-07\Desktop\Snake\CppGame\SnakeGame\SnakeGame\GameManager.cpp(23,64): warning C4244: '인수': 'double'에서 'int'(으)로 변환하면서 데이터가 손실될 수 있습니다.
C:\Users\A-07\Desktop\Snake\CppGame\SnakeGame\SnakeGame\GameManager.cpp(23,37): warning C4244: '인수': 'double'에서 'int'(으)로 변환하면서 데이터가 손실될 수 있습니다.
  Main.cpp
C:\Users\A-07\Desktop\Snake\CppGame\SnakeGame\SnakeGame\MapDraw.h(19,2): warning C4091: 'static ': 변수를 선언하지 않으면 'MapDraw' 왼쪽은 무시됩니다.
C:\Users\A-07\Desktop\Snake\CppGame\SnakeGame\SnakeGame\MapDraw.h(16,17): warning C4838: 'int'에서 'SHORT'(으)로의 변환에는 축소 변환이 필요합니다.
C:\Users\A-07\Desktop\Snake\CppGame\SnakeGame\SnakeGame\MapDraw.h(16,20): warning C4838: 'int'에서 'SHORT'(으)로의 변환에는 축소 변환이 필요합니다.
  Map.cpp
C:\Users\A-07\Desktop\Snake\CppGame\SnakeGame\SnakeGame\MapDraw.h(19,2): warning C4091: 'static ': 변수를 선언하지 않으면 'MapDraw' 왼쪽은 무시됩니다.
C:\Users\A-07\Desktop\Snake\CppGame\SnakeGame\SnakeGame\MapDraw.h(16,17): warning C4838: 'int'에서 'SHORT'(으)로의 변환에는 축소 변환이 필요합니다.
C:\Users\A-07\Desktop\Snake\CppGame\SnakeGame\SnakeGame\MapDraw.h(16,20): warning C4838: 'int'에서 'SHORT'(으)로의 변환에는 축소 변환이 필요합니다.
  MapDraw.cpp
C:\Users\A-07\Desktop\Snake\CppGame\SnakeGame\SnakeGame\MapDraw.h(19,2): warning C4091: 'static ': 변수를 선언하지 않으면 'MapDraw' 왼쪽은 무시됩니다.
C:\Users\A-07\Desktop\Snake\CppGame\SnakeGame\SnakeGame\MapDraw.h(16,17): warning C4838: 'int'에서 'SHORT'(으)로의 변환에는 축소 변환이 필요합니다.
C:\Users\A-07\Desktop\Snake\CppGame\SnakeGame\SnakeGame\MapDraw.h(16,20): warning C4838: 'int'에서 'SHORT'(으)로의 변환에는 축소 변환이 필요합니다.
C:\Users\A-07\Desktop\Snake\CppGame\SnakeGame\SnakeGame\MapDraw.cpp(22,19): warning C4267: '-=': 'size_t'에서 'int'(으)로 변환하면서 데이터가 손실될 수 있습니다.
  코드를 생성하고 있습니다...
  SnakeGame.vcxproj -> C:\Users\A-07\Desktop\Snake\CppGame\SnakeGame\x64\Debug\SnakeGame.exe
